2019-03-20 21:23:39,931 INFO (ConfigServicePropertySourceLocator.java:205)- Fetching config from server at : http://localhost:3344
2019-03-20 21:23:47,174 INFO (ConfigServicePropertySourceLocator.java:149)- Located environment: name=application, profiles=[dev], label=master, version=0a3f761c0af840c0a84c7b0643728f7c08adfab7, state=null
2019-03-20 21:23:47,176 INFO (PropertySourceBootstrapConfiguration.java:98)- Located property source: CompositePropertySource {name='configService', propertySources=[MapPropertySource {name='configClient'}, MapPropertySource {name='https://github.com/yincn/microservice-springcloud-config-readconfig.git/application.yml (document #1)'}, MapPropertySource {name='https://github.com/yincn/microservice-springcloud-config-readconfig.git/application.yml (document #0)'}]}
2019-03-20 21:23:47,381 INFO (SpringApplication.java:663)- The following profiles are active: dev
2019-03-20 21:23:47,453 INFO (AbstractApplicationContext.java:590)- Refreshing org.springframework.boot.web.servlet.context.AnnotationConfigServletWebServerApplicationContext@294e5088: startup date [Wed Mar 20 21:23:47 CST 2019]; parent: org.springframework.context.annotation.AnnotationConfigApplicationContext@378542de
2019-03-20 21:23:49,749 INFO (GenericScope.java:294)- BeanFactory id=a0d27494-c204-3b67-a3d2-3056135631fd
2019-03-20 21:23:49,777 INFO (AutowiredAnnotationBeanPostProcessor.java:154)- JSR-330 'javax.inject.Inject' annotation found and supported for autowiring
2019-03-20 21:23:49,966 INFO (PostProcessorRegistrationDelegate.java:328)- Bean 'org.springframework.cloud.autoconfigure.ConfigurationPropertiesRebinderAutoConfiguration' of type [org.springframework.cloud.autoconfigure.ConfigurationPropertiesRebinderAutoConfiguration$$EnhancerBySpringCGLIB$$b4b3bd44] is not eligible for getting processed by all BeanPostProcessors (for example: not eligible for auto-proxying)
2019-03-20 21:23:50,422 INFO (TomcatWebServer.java:91)- Tomcat initialized with port(s): 8088 (http)
2019-03-20 21:23:50,449 INFO (DirectJDKLog.java:180)- Initializing ProtocolHandler ["http-nio-8088"]
2019-03-20 21:23:50,465 INFO (DirectJDKLog.java:180)- Starting service [Tomcat]
2019-03-20 21:23:50,466 INFO (DirectJDKLog.java:180)- Starting Servlet Engine: Apache Tomcat/8.5.29
2019-03-20 21:23:50,483 INFO (DirectJDKLog.java:180)- The APR based Apache Tomcat Native library which allows optimal performance in production environments was not found on the java.library.path: [D:\DevInstall\Java\jdk1.8\bin;C:\Windows\Sun\Java\bin;C:\Windows\system32;C:\Windows;D:/DevInstall/Java/jre1.8/bin/server;D:/DevInstall/Java/jre1.8/bin;D:/DevInstall/Java/jre1.8/lib/amd64;C:\Program Files (x86)\Common Files\Oracle\Java\javapath;C:\Windows\system32;C:\Windows;C:\Windows\System32\Wbem;C:\Windows\System32\WindowsPowerShell\v1.0\;C:\Windows\System32\OpenSSH\;D:\DevInstall\Java\jdk1.8\bin;D:\DevInstall\tortoiseSVN\bin;D:\DevInstall\apache-maven-3.5.0\bin;C:\Users\ycn\AppData\Local\Microsoft\WindowsApps;;D:\DevInstall\eclipse;;.]
2019-03-20 21:23:50,795 INFO (DirectJDKLog.java:180)- Initializing Spring embedded WebApplicationContext
2019-03-20 21:23:50,795 INFO (ServletWebServerApplicationContext.java:285)- Root WebApplicationContext: initialization completed in 3342 ms
2019-03-20 21:23:51,216 WARN (URLConfigurationSource.java:121)- No URLs will be polled as dynamic configuration sources.
2019-03-20 21:23:51,216 INFO (URLConfigurationSource.java:122)- To enable URLs as dynamic configuration sources, define System property archaius.configurationSource.additionalUrls or make config.properties available on classpath.
2019-03-20 21:23:51,240 INFO (DynamicPropertyFactory.java:281)- DynamicPropertyFactory is initialized with configuration sources: com.netflix.config.ConcurrentCompositeConfiguration@1f1ded10
2019-03-20 21:23:53,902 INFO (ServletRegistrationBean.java:185)- Servlet dispatcherServlet mapped to [/]
2019-03-20 21:23:53,913 INFO (AbstractFilterRegistrationBean.java:244)- Mapping filter: 'characterEncodingFilter' to: [/*]
2019-03-20 21:23:53,913 INFO (AbstractFilterRegistrationBean.java:244)- Mapping filter: 'hiddenHttpMethodFilter' to: [/*]
2019-03-20 21:23:53,914 INFO (AbstractFilterRegistrationBean.java:244)- Mapping filter: 'httpPutFormContentFilter' to: [/*]
2019-03-20 21:23:53,915 INFO (AbstractFilterRegistrationBean.java:244)- Mapping filter: 'requestContextFilter' to: [/*]
2019-03-20 21:23:53,916 INFO (AbstractFilterRegistrationBean.java:244)- Mapping filter: 'httpTraceFilter' to: [/*]
2019-03-20 21:23:53,924 INFO (AbstractFilterRegistrationBean.java:244)- Mapping filter: 'webMvcMetricsFilter' to: [/*]
2019-03-20 21:23:54,328 WARN (URLConfigurationSource.java:121)- No URLs will be polled as dynamic configuration sources.
2019-03-20 21:23:54,328 INFO (URLConfigurationSource.java:122)- To enable URLs as dynamic configuration sources, define System property archaius.configurationSource.additionalUrls or make config.properties available on classpath.
2019-03-20 21:23:54,710 INFO (AbstractUrlHandlerMapping.java:373)- Mapped URL path [/**/favicon.ico] onto handler of type [class org.springframework.web.servlet.resource.ResourceHttpRequestHandler]
2019-03-20 21:23:55,346 INFO (RequestMappingHandlerAdapter.java:574)- Looking for @ControllerAdvice: org.springframework.boot.web.servlet.context.AnnotationConfigServletWebServerApplicationContext@294e5088: startup date [Wed Mar 20 21:23:47 CST 2019]; parent: org.springframework.context.annotation.AnnotationConfigApplicationContext@378542de
2019-03-20 21:23:55,669 INFO (AbstractHandlerMethodMapping.java:547)- Mapped "{[/dept/get/{id}]}" onto public com.example.model.Result com.example.controller.DeptController.get(java.lang.Integer)
2019-03-20 21:23:55,677 INFO (AbstractHandlerMethodMapping.java:547)- Mapped "{[/error]}" onto public org.springframework.http.ResponseEntity<java.util.Map<java.lang.String, java.lang.Object>> org.springframework.boot.autoconfigure.web.servlet.error.BasicErrorController.error(javax.servlet.http.HttpServletRequest)
2019-03-20 21:23:55,709 INFO (AbstractHandlerMethodMapping.java:547)- Mapped "{[/error],produces=[text/html]}" onto public org.springframework.web.servlet.ModelAndView org.springframework.boot.autoconfigure.web.servlet.error.BasicErrorController.errorHtml(javax.servlet.http.HttpServletRequest,javax.servlet.http.HttpServletResponse)
2019-03-20 21:23:55,824 INFO (AbstractUrlHandlerMapping.java:373)- Mapped URL path [/webjars/**] onto handler of type [class org.springframework.web.servlet.resource.ResourceHttpRequestHandler]
2019-03-20 21:23:55,825 INFO (AbstractUrlHandlerMapping.java:373)- Mapped URL path [/**] onto handler of type [class org.springframework.web.servlet.resource.ResourceHttpRequestHandler]
2019-03-20 21:23:57,537 INFO (EndpointLinksResolver.java:59)- Exposing 18 endpoint(s) beneath base path '/actuator'
2019-03-20 21:23:57,556 INFO (AbstractHandlerMethodMapping.java:547)- Mapped "{[/actuator/archaius],methods=[GET],produces=[application/vnd.spring-boot.actuator.v2+json || application/json]}" onto public java.lang.Object org.springframework.boot.actuate.endpoint.web.servlet.AbstractWebMvcEndpointHandlerMapping$OperationHandler.handle(javax.servlet.http.HttpServletRequest,java.util.Map<java.lang.String, java.lang.String>)
2019-03-20 21:23:57,558 INFO (AbstractHandlerMethodMapping.java:547)- Mapped "{[/actuator/auditevents],methods=[GET],produces=[application/vnd.spring-boot.actuator.v2+json || application/json]}" onto public java.lang.Object org.springframework.boot.actuate.endpoint.web.servlet.AbstractWebMvcEndpointHandlerMapping$OperationHandler.handle(javax.servlet.http.HttpServletRequest,java.util.Map<java.lang.String, java.lang.String>)
2019-03-20 21:23:57,558 INFO (AbstractHandlerMethodMapping.java:547)- Mapped "{[/actuator/beans],methods=[GET],produces=[application/vnd.spring-boot.actuator.v2+json || application/json]}" onto public java.lang.Object org.springframework.boot.actuate.endpoint.web.servlet.AbstractWebMvcEndpointHandlerMapping$OperationHandler.handle(javax.servlet.http.HttpServletRequest,java.util.Map<java.lang.String, java.lang.String>)
2019-03-20 21:23:57,559 INFO (AbstractHandlerMethodMapping.java:547)- Mapped "{[/actuator/health],methods=[GET],produces=[application/vnd.spring-boot.actuator.v2+json || application/json]}" onto public java.lang.Object org.springframework.boot.actuate.endpoint.web.servlet.AbstractWebMvcEndpointHandlerMapping$OperationHandler.handle(javax.servlet.http.HttpServletRequest,java.util.Map<java.lang.String, java.lang.String>)
2019-03-20 21:23:57,560 INFO (AbstractHandlerMethodMapping.java:547)- Mapped "{[/actuator/conditions],methods=[GET],produces=[application/vnd.spring-boot.actuator.v2+json || application/json]}" onto public java.lang.Object org.springframework.boot.actuate.endpoint.web.servlet.AbstractWebMvcEndpointHandlerMapping$OperationHandler.handle(javax.servlet.http.HttpServletRequest,java.util.Map<java.lang.String, java.lang.String>)
2019-03-20 21:23:57,561 INFO (AbstractHandlerMethodMapping.java:547)- Mapped "{[/actuator/configprops],methods=[GET],produces=[application/vnd.spring-boot.actuator.v2+json || application/json]}" onto public java.lang.Object org.springframework.boot.actuate.endpoint.web.servlet.AbstractWebMvcEndpointHandlerMapping$OperationHandler.handle(javax.servlet.http.HttpServletRequest,java.util.Map<java.lang.String, java.lang.String>)
2019-03-20 21:23:57,562 INFO (AbstractHandlerMethodMapping.java:547)- Mapped "{[/actuator/env],methods=[GET],produces=[application/vnd.spring-boot.actuator.v2+json || application/json]}" onto public java.lang.Object org.springframework.boot.actuate.endpoint.web.servlet.AbstractWebMvcEndpointHandlerMapping$OperationHandler.handle(javax.servlet.http.HttpServletRequest,java.util.Map<java.lang.String, java.lang.String>)
2019-03-20 21:23:57,562 INFO (AbstractHandlerMethodMapping.java:547)- Mapped "{[/actuator/env/{toMatch}],methods=[GET],produces=[application/vnd.spring-boot.actuator.v2+json || application/json]}" onto public java.lang.Object org.springframework.boot.actuate.endpoint.web.servlet.AbstractWebMvcEndpointHandlerMapping$OperationHandler.handle(javax.servlet.http.HttpServletRequest,java.util.Map<java.lang.String, java.lang.String>)
2019-03-20 21:23:57,564 INFO (AbstractHandlerMethodMapping.java:547)- Mapped "{[/actuator/env],methods=[POST],consumes=[application/vnd.spring-boot.actuator.v2+json || application/json],produces=[application/vnd.spring-boot.actuator.v2+json || application/json]}" onto public java.lang.Object org.springframework.boot.actuate.endpoint.web.servlet.AbstractWebMvcEndpointHandlerMapping$OperationHandler.handle(javax.servlet.http.HttpServletRequest,java.util.Map<java.lang.String, java.lang.String>)
2019-03-20 21:23:57,565 INFO (AbstractHandlerMethodMapping.java:547)- Mapped "{[/actuator/env],methods=[DELETE],produces=[application/vnd.spring-boot.actuator.v2+json || application/json]}" onto public java.lang.Object org.springframework.boot.actuate.endpoint.web.servlet.AbstractWebMvcEndpointHandlerMapping$OperationHandler.handle(javax.servlet.http.HttpServletRequest,java.util.Map<java.lang.String, java.lang.String>)
2019-03-20 21:23:57,566 INFO (AbstractHandlerMethodMapping.java:547)- Mapped "{[/actuator/info],methods=[GET],produces=[application/vnd.spring-boot.actuator.v2+json || application/json]}" onto public java.lang.Object org.springframework.boot.actuate.endpoint.web.servlet.AbstractWebMvcEndpointHandlerMapping$OperationHandler.handle(javax.servlet.http.HttpServletRequest,java.util.Map<java.lang.String, java.lang.String>)
2019-03-20 21:23:57,567 INFO (AbstractHandlerMethodMapping.java:547)- Mapped "{[/actuator/loggers],methods=[GET],produces=[application/vnd.spring-boot.actuator.v2+json || application/json]}" onto public java.lang.Object org.springframework.boot.actuate.endpoint.web.servlet.AbstractWebMvcEndpointHandlerMapping$OperationHandler.handle(javax.servlet.http.HttpServletRequest,java.util.Map<java.lang.String, java.lang.String>)
2019-03-20 21:23:57,569 INFO (AbstractHandlerMethodMapping.java:547)- Mapped "{[/actuator/loggers/{name}],methods=[GET],produces=[application/vnd.spring-boot.actuator.v2+json || application/json]}" onto public java.lang.Object org.springframework.boot.actuate.endpoint.web.servlet.AbstractWebMvcEndpointHandlerMapping$OperationHandler.handle(javax.servlet.http.HttpServletRequest,java.util.Map<java.lang.String, java.lang.String>)
2019-03-20 21:23:57,570 INFO (AbstractHandlerMethodMapping.java:547)- Mapped "{[/actuator/loggers/{name}],methods=[POST],consumes=[application/vnd.spring-boot.actuator.v2+json || application/json]}" onto public java.lang.Object org.springframework.boot.actuate.endpoint.web.servlet.AbstractWebMvcEndpointHandlerMapping$OperationHandler.handle(javax.servlet.http.HttpServletRequest,java.util.Map<java.lang.String, java.lang.String>)
2019-03-20 21:23:57,571 INFO (AbstractHandlerMethodMapping.java:547)- Mapped "{[/actuator/heapdump],methods=[GET],produces=[application/octet-stream]}" onto public java.lang.Object org.springframework.boot.actuate.endpoint.web.servlet.AbstractWebMvcEndpointHandlerMapping$OperationHandler.handle(javax.servlet.http.HttpServletRequest,java.util.Map<java.lang.String, java.lang.String>)
2019-03-20 21:23:57,574 INFO (AbstractHandlerMethodMapping.java:547)- Mapped "{[/actuator/threaddump],methods=[GET],produces=[application/vnd.spring-boot.actuator.v2+json || application/json]}" onto public java.lang.Object org.springframework.boot.actuate.endpoint.web.servlet.AbstractWebMvcEndpointHandlerMapping$OperationHandler.handle(javax.servlet.http.HttpServletRequest,java.util.Map<java.lang.String, java.lang.String>)
2019-03-20 21:23:57,575 INFO (AbstractHandlerMethodMapping.java:547)- Mapped "{[/actuator/metrics],methods=[GET],produces=[application/vnd.spring-boot.actuator.v2+json || application/json]}" onto public java.lang.Object org.springframework.boot.actuate.endpoint.web.servlet.AbstractWebMvcEndpointHandlerMapping$OperationHandler.handle(javax.servlet.http.HttpServletRequest,java.util.Map<java.lang.String, java.lang.String>)
2019-03-20 21:23:57,576 INFO (AbstractHandlerMethodMapping.java:547)- Mapped "{[/actuator/metrics/{requiredMetricName}],methods=[GET],produces=[application/vnd.spring-boot.actuator.v2+json || application/json]}" onto public java.lang.Object org.springframework.boot.actuate.endpoint.web.servlet.AbstractWebMvcEndpointHandlerMapping$OperationHandler.handle(javax.servlet.http.HttpServletRequest,java.util.Map<java.lang.String, java.lang.String>)
2019-03-20 21:23:57,577 INFO (AbstractHandlerMethodMapping.java:547)- Mapped "{[/actuator/scheduledtasks],methods=[GET],produces=[application/vnd.spring-boot.actuator.v2+json || application/json]}" onto public java.lang.Object org.springframework.boot.actuate.endpoint.web.servlet.AbstractWebMvcEndpointHandlerMapping$OperationHandler.handle(javax.servlet.http.HttpServletRequest,java.util.Map<java.lang.String, java.lang.String>)
2019-03-20 21:23:57,577 INFO (AbstractHandlerMethodMapping.java:547)- Mapped "{[/actuator/httptrace],methods=[GET],produces=[application/vnd.spring-boot.actuator.v2+json || application/json]}" onto public java.lang.Object org.springframework.boot.actuate.endpoint.web.servlet.AbstractWebMvcEndpointHandlerMapping$OperationHandler.handle(javax.servlet.http.HttpServletRequest,java.util.Map<java.lang.String, java.lang.String>)
2019-03-20 21:23:57,578 INFO (AbstractHandlerMethodMapping.java:547)- Mapped "{[/actuator/mappings],methods=[GET],produces=[application/vnd.spring-boot.actuator.v2+json || application/json]}" onto public java.lang.Object org.springframework.boot.actuate.endpoint.web.servlet.AbstractWebMvcEndpointHandlerMapping$OperationHandler.handle(javax.servlet.http.HttpServletRequest,java.util.Map<java.lang.String, java.lang.String>)
2019-03-20 21:23:57,579 INFO (AbstractHandlerMethodMapping.java:547)- Mapped "{[/actuator/refresh],methods=[POST],produces=[application/vnd.spring-boot.actuator.v2+json || application/json]}" onto public java.lang.Object org.springframework.boot.actuate.endpoint.web.servlet.AbstractWebMvcEndpointHandlerMapping$OperationHandler.handle(javax.servlet.http.HttpServletRequest,java.util.Map<java.lang.String, java.lang.String>)
2019-03-20 21:23:57,580 INFO (AbstractHandlerMethodMapping.java:547)- Mapped "{[/actuator/features],methods=[GET],produces=[application/vnd.spring-boot.actuator.v2+json || application/json]}" onto public java.lang.Object org.springframework.boot.actuate.endpoint.web.servlet.AbstractWebMvcEndpointHandlerMapping$OperationHandler.handle(javax.servlet.http.HttpServletRequest,java.util.Map<java.lang.String, java.lang.String>)
2019-03-20 21:23:57,582 INFO (AbstractHandlerMethodMapping.java:547)- Mapped "{[/actuator/service-registry],methods=[POST],consumes=[application/vnd.spring-boot.actuator.v2+json || application/json],produces=[application/vnd.spring-boot.actuator.v2+json || application/json]}" onto public java.lang.Object org.springframework.boot.actuate.endpoint.web.servlet.AbstractWebMvcEndpointHandlerMapping$OperationHandler.handle(javax.servlet.http.HttpServletRequest,java.util.Map<java.lang.String, java.lang.String>)
2019-03-20 21:23:57,584 INFO (AbstractHandlerMethodMapping.java:547)- Mapped "{[/actuator/service-registry],methods=[GET],produces=[application/vnd.spring-boot.actuator.v2+json || application/json]}" onto public java.lang.Object org.springframework.boot.actuate.endpoint.web.servlet.AbstractWebMvcEndpointHandlerMapping$OperationHandler.handle(javax.servlet.http.HttpServletRequest,java.util.Map<java.lang.String, java.lang.String>)
2019-03-20 21:23:57,586 INFO (AbstractHandlerMethodMapping.java:547)- Mapped "{[/actuator],methods=[GET],produces=[application/vnd.spring-boot.actuator.v2+json || application/json]}" onto protected java.util.Map<java.lang.String, java.util.Map<java.lang.String, org.springframework.boot.actuate.endpoint.web.Link>> org.springframework.boot.actuate.endpoint.web.servlet.WebMvcEndpointHandlerMapping.links(javax.servlet.http.HttpServletRequest,javax.servlet.http.HttpServletResponse)
2019-03-20 21:23:57,708 INFO (MBeanExporter.java:433)- Registering beans for JMX exposure on startup
2019-03-20 21:23:57,749 INFO (MBeanExporter.java:895)- Bean with name 'environmentManager' has been autodetected for JMX exposure
2019-03-20 21:23:57,753 INFO (MBeanExporter.java:895)- Bean with name 'configurationPropertiesRebinder' has been autodetected for JMX exposure
2019-03-20 21:23:57,755 INFO (MBeanExporter.java:895)- Bean with name 'refreshScope' has been autodetected for JMX exposure
2019-03-20 21:23:57,765 INFO (MBeanExporter.java:675)- Located managed bean 'environmentManager': registering with JMX server as MBean [org.springframework.cloud.context.environment:name=environmentManager,type=EnvironmentManager]
2019-03-20 21:23:57,814 INFO (MBeanExporter.java:675)- Located managed bean 'refreshScope': registering with JMX server as MBean [org.springframework.cloud.context.scope.refresh:name=refreshScope,type=RefreshScope]
2019-03-20 21:23:57,839 INFO (MBeanExporter.java:675)- Located managed bean 'configurationPropertiesRebinder': registering with JMX server as MBean [org.springframework.cloud.context.properties:name=configurationPropertiesRebinder,context=294e5088,type=ConfigurationPropertiesRebinder]
2019-03-20 21:23:57,883 INFO (DefaultLifecycleProcessor.java:351)- Starting beans in phase 0
2019-03-20 21:23:58,078 INFO (InstanceInfoFactory.java:71)- Setting initial instance status as: STARTING
2019-03-20 21:23:58,282 INFO (DiscoveryClient.java:349)- Initializing Eureka in region us-east-1
2019-03-20 21:23:59,200 INFO (DiscoveryJerseyProvider.java:70)- Using JSON encoding codec LegacyJacksonJson
2019-03-20 21:23:59,201 INFO (DiscoveryJerseyProvider.java:71)- Using JSON decoding codec LegacyJacksonJson
2019-03-20 21:23:59,752 INFO (DiscoveryJerseyProvider.java:80)- Using XML encoding codec XStreamXml
2019-03-20 21:23:59,753 INFO (DiscoveryJerseyProvider.java:81)- Using XML decoding codec XStreamXml
2019-03-20 21:24:00,267 INFO (ConfigClusterResolver.java:43)- Resolving eureka endpoints via configuration
2019-03-20 21:24:00,618 INFO (DiscoveryClient.java:958)- Disable delta property : false
2019-03-20 21:24:00,618 INFO (DiscoveryClient.java:959)- Single vip registry refresh property : null
2019-03-20 21:24:00,619 INFO (DiscoveryClient.java:960)- Force full registry fetch : false
2019-03-20 21:24:00,620 INFO (DiscoveryClient.java:961)- Application is null : false
2019-03-20 21:24:00,623 INFO (DiscoveryClient.java:962)- Registered Applications size is zero : true
2019-03-20 21:24:00,624 INFO (DiscoveryClient.java:964)- Application version is -1: true
2019-03-20 21:24:00,624 INFO (DiscoveryClient.java:1047)- Getting all instance registry info from the eureka server
2019-03-20 21:24:00,938 INFO (DiscoveryClient.java:1056)- The response status is 200
2019-03-20 21:24:00,944 INFO (DiscoveryClient.java:1264)- Starting heartbeat executor: renew interval is: 30
2019-03-20 21:24:00,950 INFO (InstanceInfoReplicator.java:60)- InstanceInfoReplicator onDemand update allowed rate per min is 4
2019-03-20 21:24:00,956 INFO (DiscoveryClient.java:449)- Discovery Client initialized at timestamp 1553088240954 with initial instances count: 1
2019-03-20 21:24:00,962 INFO (EurekaServiceRegistry.java:42)- Registering application consumer with eureka with status UP
2019-03-20 21:24:00,963 INFO (DiscoveryClient.java:1299)- Saw local status change event StatusChangeEvent [timestamp=1553088240963, current=UP, previous=STARTING]
2019-03-20 21:24:00,965 INFO (DiscoveryClient.java:826)- DiscoveryClient_CONSUMER/consumer-01: registering service...
2019-03-20 21:24:01,019 INFO (DirectJDKLog.java:180)- Starting ProtocolHandler ["http-nio-8088"]
2019-03-20 21:24:01,032 INFO (DirectJDKLog.java:180)- Using a shared selector for servlet write/read
2019-03-20 21:24:01,058 INFO (DiscoveryClient.java:835)- DiscoveryClient_CONSUMER/consumer-01 - registration status: 204
2019-03-20 21:24:01,078 INFO (TomcatWebServer.java:206)- Tomcat started on port(s): 8088 (http) with context path ''
2019-03-20 21:24:01,080 INFO (EurekaAutoServiceRegistration.java:124)- Updating port to 8088
2019-03-20 21:24:01,084 INFO (StartupInfoLogger.java:59)- Started ConsumerApplication in 24.33 seconds (JVM running for 25.477)
2019-03-20 21:27:47,620 INFO (SpringApplicationAdminMXBeanRegistrar.java:132)- Application shutdown requested.
2019-03-20 21:27:47,621 INFO (AbstractApplicationContext.java:993)- Closing org.springframework.boot.web.servlet.context.AnnotationConfigServletWebServerApplicationContext@294e5088: startup date [Wed Mar 20 21:23:47 CST 2019]; parent: org.springframework.context.annotation.AnnotationConfigApplicationContext@378542de
2019-03-20 21:27:47,623 INFO (EurekaServiceRegistry.java:65)- Unregistering application consumer with eureka with status DOWN
2019-03-20 21:27:47,625 WARN (DiscoveryClient.java:1297)- Saw local status change event StatusChangeEvent [timestamp=1553088467625, current=DOWN, previous=UP]
2019-03-20 21:27:47,639 INFO (DefaultLifecycleProcessor.java:366)- Stopping beans in phase 0
2019-03-20 21:27:47,667 INFO (DiscoveryClient.java:826)- DiscoveryClient_CONSUMER/consumer-01: registering service...
2019-03-20 21:27:47,669 INFO (MBeanExporter.java:451)- Unregistering JMX-exposed beans on shutdown
2019-03-20 21:27:47,682 INFO (MBeanRegistrationSupport.java:183)- Unregistering JMX-exposed beans
2019-03-20 21:27:47,705 INFO (DiscoveryClient.java:835)- DiscoveryClient_CONSUMER/consumer-01 - registration status: 204
2019-03-20 21:27:47,705 INFO (DiscoveryClient.java:888)- Shutting down DiscoveryClient ...
2019-03-20 21:27:47,709 WARN (InitDestroyAnnotationBeanPostProcessor.java:163)- Invocation of destroy method failed on bean with name 'scopedTarget.eurekaClient': org.springframework.beans.factory.BeanCreationNotAllowedException: Error creating bean with name 'eurekaInstanceConfigBean': Singleton bean creation not allowed while singletons of this factory are in destruction (Do not request a bean from a BeanFactory in a destroy method implementation!)
2019-03-20 21:27:47,713 INFO (DirectJDKLog.java:180)- Pausing ProtocolHandler ["http-nio-8088"]
2019-03-20 21:27:48,065 INFO (DirectJDKLog.java:180)- Stopping service [Tomcat]
2019-03-20 21:27:48,078 INFO (DirectJDKLog.java:180)- Stopping ProtocolHandler ["http-nio-8088"]
2019-03-20 21:27:48,084 INFO (DirectJDKLog.java:180)- Destroying ProtocolHandler ["http-nio-8088"]
